app/build/intermediates/manifest_merge_blame_file/debug/manifest-merger-blame-debug-report.txt
1<?xml version="1.0" encoding="utf-8"?>
2<manifest xmlns:android="http://schemas.android.com/apk/res/android"
3    package="uk.ac.westminster.chatminster"
4    android:versionCode="1"
5    android:versionName="1.0" >
6
7    <uses-sdk
8        android:minSdkVersion="23"
8-->src\main\AndroidManifest.xml
9        android:targetSdkVersion="28" />
9-->src\main\AndroidManifest.xml
10
11    <uses-permission android:name="android.permission.ACCESS_NETWORK_STATE" />
11-->[com.firebaseui:firebase-ui-auth:6.2.0] AndroidManifest.xml:12:5-79
11-->[com.firebaseui:firebase-ui-auth:6.2.0] AndroidManifest.xml:12:22-76
12    <uses-permission android:name="android.permission.INTERNET" />
12-->[com.firebaseui:firebase-ui-auth:6.2.0] AndroidManifest.xml:13:5-67
12-->[com.firebaseui:firebase-ui-auth:6.2.0] AndroidManifest.xml:13:22-64
13    <uses-permission android:name="android.permission.WAKE_LOCK" />
13-->[com.google.android.gms:play-services-measurement:17.2.2] AndroidManifest.xml:25:5-68
13-->[com.google.android.gms:play-services-measurement:17.2.2] AndroidManifest.xml:25:22-65
14    <uses-permission android:name="com.google.android.finsky.permission.BIND_GET_INSTALL_REFERRER_SERVICE" /> <!-- Required by older versions of Google Play services to create IID tokens -->
14-->[com.google.android.gms:play-services-measurement:17.2.2] AndroidManifest.xml:26:5-110
14-->[com.google.android.gms:play-services-measurement:17.2.2] AndroidManifest.xml:26:22-107
15    <uses-permission android:name="com.google.android.c2dm.permission.RECEIVE" />
15-->[com.google.firebase:firebase-iid:20.0.2] AndroidManifest.xml:26:5-82
15-->[com.google.firebase:firebase-iid:20.0.2] AndroidManifest.xml:26:22-79
16
17    <application
17-->src\main\AndroidManifest.xml:5:5-46:19
18        android:allowBackup="true"
18-->src\main\AndroidManifest.xml:6:9-35
19        android:appComponentFactory="androidx.core.app.CoreComponentFactory"
19-->[androidx.core:core:1.1.0] AndroidManifest.xml:24:18-86
20        android:debuggable="true"
21        android:extractNativeLibs="false"
22        android:icon="@mipmap/ic_launcher"
22-->src\main\AndroidManifest.xml:7:9-43
23        android:label="@string/app_name"
23-->src\main\AndroidManifest.xml:8:9-41
24        android:roundIcon="@mipmap/ic_launcher_round"
24-->src\main\AndroidManifest.xml:9:9-54
25        android:supportsRtl="true"
25-->src\main\AndroidManifest.xml:10:9-35
26        android:testOnly="true"
27        android:theme="@style/AppTheme" >
27-->src\main\AndroidManifest.xml:11:9-40
28        <activity android:name="uk.ac.westminster.chatminster.communityChat" />
28-->src\main\AndroidManifest.xml:12:9-60
28-->src\main\AndroidManifest.xml:12:19-48
29        <activity
29-->src\main\AndroidManifest.xml:13:9-15:52
30            android:name="uk.ac.westminster.chatminster.communityList"
30-->src\main\AndroidManifest.xml:14:13-42
31            android:screenOrientation="portrait" />
31-->src\main\AndroidManifest.xml:15:13-49
32        <activity
32-->src\main\AndroidManifest.xml:16:9-18:52
33            android:name="uk.ac.westminster.chatminster.tutorStudentList"
33-->src\main\AndroidManifest.xml:17:13-45
34            android:screenOrientation="portrait" />
34-->src\main\AndroidManifest.xml:18:13-49
35        <activity
35-->src\main\AndroidManifest.xml:19:9-21:52
36            android:name="uk.ac.westminster.chatminster.staffList"
36-->src\main\AndroidManifest.xml:20:13-38
37            android:screenOrientation="portrait" />
37-->src\main\AndroidManifest.xml:21:13-49
38        <activity
38-->src\main\AndroidManifest.xml:22:9-24:52
39            android:name="uk.ac.westminster.chatminster.changePassword"
39-->src\main\AndroidManifest.xml:23:13-43
40            android:screenOrientation="portrait" />
40-->src\main\AndroidManifest.xml:24:13-49
41        <activity
41-->src\main\AndroidManifest.xml:25:9-27:52
42            android:name="uk.ac.westminster.chatminster.registration"
42-->src\main\AndroidManifest.xml:26:13-41
43            android:screenOrientation="portrait" />
43-->src\main\AndroidManifest.xml:27:13-49
44        <activity
44-->src\main\AndroidManifest.xml:28:9-30:52
45            android:name="uk.ac.westminster.chatminster.privateChat"
45-->src\main\AndroidManifest.xml:29:13-40
46            android:screenOrientation="portrait" />
46-->src\main\AndroidManifest.xml:30:13-49
47        <activity
47-->src\main\AndroidManifest.xml:31:9-33:52
48            android:name="uk.ac.westminster.chatminster.myProfile"
48-->src\main\AndroidManifest.xml:32:13-38
49            android:screenOrientation="portrait" />
49-->src\main\AndroidManifest.xml:33:13-49
50        <activity
50-->src\main\AndroidManifest.xml:34:9-36:52
51            android:name="uk.ac.westminster.chatminster.mainMenu"
51-->src\main\AndroidManifest.xml:35:13-37
52            android:screenOrientation="portrait" />
52-->src\main\AndroidManifest.xml:36:13-49
53        <activity
53-->src\main\AndroidManifest.xml:37:9-45:20
54            android:name="uk.ac.westminster.chatminster.login"
54-->src\main\AndroidManifest.xml:38:13-34
55            android:screenOrientation="portrait" >
55-->src\main\AndroidManifest.xml:39:13-49
56            <intent-filter>
56-->src\main\AndroidManifest.xml:40:13-44:29
57                <action android:name="android.intent.action.MAIN" />
57-->src\main\AndroidManifest.xml:41:17-69
57-->src\main\AndroidManifest.xml:41:25-66
58
59                <category android:name="android.intent.category.LAUNCHER" />
59-->src\main\AndroidManifest.xml:43:17-77
59-->src\main\AndroidManifest.xml:43:27-74
60            </intent-filter>
61        </activity>
62
63        <meta-data
63-->[com.firebaseui:firebase-ui-auth:6.2.0] AndroidManifest.xml:16:9-18:69
64            android:name="com.google.android.gms.version"
64-->[com.firebaseui:firebase-ui-auth:6.2.0] AndroidManifest.xml:17:13-58
65            android:value="@integer/google_play_services_version" />
65-->[com.firebaseui:firebase-ui-auth:6.2.0] AndroidManifest.xml:18:13-66
66        <meta-data
66-->[com.firebaseui:firebase-ui-auth:6.2.0] AndroidManifest.xml:19:9-21:63
67            android:name="com.facebook.sdk.ApplicationId"
67-->[com.firebaseui:firebase-ui-auth:6.2.0] AndroidManifest.xml:20:13-58
68            android:value="@string/facebook_application_id" />
68-->[com.firebaseui:firebase-ui-auth:6.2.0] AndroidManifest.xml:21:13-60
69
70        <activity
70-->[com.firebaseui:firebase-ui-auth:6.2.0] AndroidManifest.xml:23:9-27:61
71            android:name="com.firebase.ui.auth.KickoffActivity"
71-->[com.firebaseui:firebase-ui-auth:6.2.0] AndroidManifest.xml:24:13-64
72            android:exported="false"
72-->[com.firebaseui:firebase-ui-auth:6.2.0] AndroidManifest.xml:25:13-37
73            android:label=""
73-->[com.firebaseui:firebase-ui-auth:6.2.0] AndroidManifest.xml:26:13-29
74            android:theme="@style/FirebaseUI.Transparent" />
74-->[com.firebaseui:firebase-ui-auth:6.2.0] AndroidManifest.xml:27:13-58
75        <activity
75-->[com.firebaseui:firebase-ui-auth:6.2.0] AndroidManifest.xml:28:9-32:61
76            android:name="com.firebase.ui.auth.ui.idp.SingleSignInActivity"
76-->[com.firebaseui:firebase-ui-auth:6.2.0] AndroidManifest.xml:29:13-76
77            android:exported="false"
77-->[com.firebaseui:firebase-ui-auth:6.2.0] AndroidManifest.xml:30:13-37
78            android:label=""
78-->[com.firebaseui:firebase-ui-auth:6.2.0] AndroidManifest.xml:31:13-29
79            android:theme="@style/FirebaseUI.Transparent" />
79-->[com.firebaseui:firebase-ui-auth:6.2.0] AndroidManifest.xml:32:13-58
80        <activity
80-->[com.firebaseui:firebase-ui-auth:6.2.0] AndroidManifest.xml:33:9-37:61
81            android:name="com.firebase.ui.auth.ui.credentials.CredentialSaveActivity"
81-->[com.firebaseui:firebase-ui-auth:6.2.0] AndroidManifest.xml:34:13-86
82            android:exported="false"
82-->[com.firebaseui:firebase-ui-auth:6.2.0] AndroidManifest.xml:35:13-37
83            android:label=""
83-->[com.firebaseui:firebase-ui-auth:6.2.0] AndroidManifest.xml:36:13-29
84            android:theme="@style/FirebaseUI.Transparent" />
84-->[com.firebaseui:firebase-ui-auth:6.2.0] AndroidManifest.xml:37:13-58
85        <activity
85-->[com.firebaseui:firebase-ui-auth:6.2.0] AndroidManifest.xml:38:9-42:58
86            android:name="com.firebase.ui.auth.ui.email.RecoverPasswordActivity"
86-->[com.firebaseui:firebase-ui-auth:6.2.0] AndroidManifest.xml:39:13-81
87            android:exported="false"
87-->[com.firebaseui:firebase-ui-auth:6.2.0] AndroidManifest.xml:40:13-37
88            android:label="@string/fui_title_recover_password_activity"
88-->[com.firebaseui:firebase-ui-auth:6.2.0] AndroidManifest.xml:41:13-72
89            android:windowSoftInputMode="adjustResize" />
89-->[com.firebaseui:firebase-ui-auth:6.2.0] AndroidManifest.xml:42:13-55
90        <activity
90-->[com.firebaseui:firebase-ui-auth:6.2.0] AndroidManifest.xml:43:9-47:58
91            android:name="com.firebase.ui.auth.ui.email.EmailActivity"
91-->[com.firebaseui:firebase-ui-auth:6.2.0] AndroidManifest.xml:44:13-71
92            android:exported="false"
92-->[com.firebaseui:firebase-ui-auth:6.2.0] AndroidManifest.xml:45:13-37
93            android:label="@string/fui_sign_in_default"
93-->[com.firebaseui:firebase-ui-auth:6.2.0] AndroidManifest.xml:46:13-56
94            android:windowSoftInputMode="adjustResize" />
94-->[com.firebaseui:firebase-ui-auth:6.2.0] AndroidManifest.xml:47:13-55
95        <activity
95-->[com.firebaseui:firebase-ui-auth:6.2.0] AndroidManifest.xml:48:9-52:77
96            android:name="com.firebase.ui.auth.ui.phone.PhoneActivity"
96-->[com.firebaseui:firebase-ui-auth:6.2.0] AndroidManifest.xml:49:13-71
97            android:exported="false"
97-->[com.firebaseui:firebase-ui-auth:6.2.0] AndroidManifest.xml:50:13-37
98            android:label="@string/fui_sign_in_with_phone_number"
98-->[com.firebaseui:firebase-ui-auth:6.2.0] AndroidManifest.xml:51:13-66
99            android:windowSoftInputMode="adjustResize|stateAlwaysVisible" />
99-->[com.firebaseui:firebase-ui-auth:6.2.0] AndroidManifest.xml:52:13-74
100        <activity
100-->[com.firebaseui:firebase-ui-auth:6.2.0] AndroidManifest.xml:53:9-57:58
101            android:name="com.firebase.ui.auth.ui.idp.WelcomeBackIdpPrompt"
101-->[com.firebaseui:firebase-ui-auth:6.2.0] AndroidManifest.xml:54:13-76
102            android:exported="false"
102-->[com.firebaseui:firebase-ui-auth:6.2.0] AndroidManifest.xml:55:13-37
103            android:label="@string/fui_title_welcome_back_idp_prompt"
103-->[com.firebaseui:firebase-ui-auth:6.2.0] AndroidManifest.xml:56:13-70
104            android:windowSoftInputMode="adjustResize" />
104-->[com.firebaseui:firebase-ui-auth:6.2.0] AndroidManifest.xml:57:13-55
105        <activity
105-->[com.firebaseui:firebase-ui-auth:6.2.0] AndroidManifest.xml:58:9-62:58
106            android:name="com.firebase.ui.auth.ui.email.WelcomeBackPasswordPrompt"
106-->[com.firebaseui:firebase-ui-auth:6.2.0] AndroidManifest.xml:59:13-83
107            android:exported="false"
107-->[com.firebaseui:firebase-ui-auth:6.2.0] AndroidManifest.xml:60:13-37
108            android:label="@string/fui_title_welcome_back_password_prompt"
108-->[com.firebaseui:firebase-ui-auth:6.2.0] AndroidManifest.xml:61:13-75
109            android:windowSoftInputMode="adjustResize" />
109-->[com.firebaseui:firebase-ui-auth:6.2.0] AndroidManifest.xml:62:13-55
110        <activity
110-->[com.firebaseui:firebase-ui-auth:6.2.0] AndroidManifest.xml:63:9-67:58
111            android:name="com.firebase.ui.auth.ui.email.WelcomeBackEmailLinkPrompt"
111-->[com.firebaseui:firebase-ui-auth:6.2.0] AndroidManifest.xml:64:13-84
112            android:exported="false"
112-->[com.firebaseui:firebase-ui-auth:6.2.0] AndroidManifest.xml:65:13-37
113            android:label="@string/fui_title_welcome_back_password_prompt"
113-->[com.firebaseui:firebase-ui-auth:6.2.0] AndroidManifest.xml:66:13-75
114            android:windowSoftInputMode="adjustResize" />
114-->[com.firebaseui:firebase-ui-auth:6.2.0] AndroidManifest.xml:67:13-55
115        <activity
115-->[com.firebaseui:firebase-ui-auth:6.2.0] AndroidManifest.xml:68:9-73:58
116            android:name="com.firebase.ui.auth.ui.email.EmailLinkCatcherActivity"
116-->[com.firebaseui:firebase-ui-auth:6.2.0] AndroidManifest.xml:69:13-82
117            android:exported="false"
117-->[com.firebaseui:firebase-ui-auth:6.2.0] AndroidManifest.xml:70:13-37
118            android:label=""
118-->[com.firebaseui:firebase-ui-auth:6.2.0] AndroidManifest.xml:71:13-29
119            android:theme="@style/FirebaseUI.Transparent"
119-->[com.firebaseui:firebase-ui-auth:6.2.0] AndroidManifest.xml:72:13-58
120            android:windowSoftInputMode="adjustResize" />
120-->[com.firebaseui:firebase-ui-auth:6.2.0] AndroidManifest.xml:73:13-55
121        <activity
121-->[com.firebaseui:firebase-ui-auth:6.2.0] AndroidManifest.xml:74:9-78:58
122            android:name="com.firebase.ui.auth.ui.email.EmailLinkErrorRecoveryActivity"
122-->[com.firebaseui:firebase-ui-auth:6.2.0] AndroidManifest.xml:75:13-88
123            android:exported="false"
123-->[com.firebaseui:firebase-ui-auth:6.2.0] AndroidManifest.xml:76:13-37
124            android:label="@string/fui_sign_in_default"
124-->[com.firebaseui:firebase-ui-auth:6.2.0] AndroidManifest.xml:77:13-56
125            android:windowSoftInputMode="adjustResize" />
125-->[com.firebaseui:firebase-ui-auth:6.2.0] AndroidManifest.xml:78:13-55
126        <activity
126-->[com.firebaseui:firebase-ui-auth:6.2.0] AndroidManifest.xml:79:9-82:65
127            android:name="com.firebase.ui.auth.ui.idp.AuthMethodPickerActivity"
127-->[com.firebaseui:firebase-ui-auth:6.2.0] AndroidManifest.xml:80:13-80
128            android:exported="false"
128-->[com.firebaseui:firebase-ui-auth:6.2.0] AndroidManifest.xml:81:13-37
129            android:label="@string/fui_default_toolbar_title" />
129-->[com.firebaseui:firebase-ui-auth:6.2.0] AndroidManifest.xml:82:13-62
130        <activity
130-->[com.firebaseui:firebase-ui-auth:6.2.0] AndroidManifest.xml:83:9-87:48
131            android:name="com.facebook.FacebookActivity"
131-->[com.firebaseui:firebase-ui-auth:6.2.0] AndroidManifest.xml:84:13-57
132            android:configChanges="keyboard|keyboardHidden|screenLayout|screenSize|orientation"
132-->[com.firebaseui:firebase-ui-auth:6.2.0] AndroidManifest.xml:85:13-96
133            android:label="@string/app_name" />
133-->[com.firebaseui:firebase-ui-auth:6.2.0] AndroidManifest.xml:86:13-45
134        <activity
134-->[com.firebaseui:firebase-ui-auth:6.2.0] AndroidManifest.xml:88:9-100:20
135            android:name="com.facebook.CustomTabActivity"
135-->[com.firebaseui:firebase-ui-auth:6.2.0] AndroidManifest.xml:89:13-58
136            android:exported="true" >
136-->[com.firebaseui:firebase-ui-auth:6.2.0] AndroidManifest.xml:90:13-36
137            <intent-filter>
137-->[com.firebaseui:firebase-ui-auth:6.2.0] AndroidManifest.xml:92:13-99:29
138                <action android:name="android.intent.action.VIEW" />
138-->[com.firebaseui:firebase-ui-auth:6.2.0] AndroidManifest.xml:93:17-69
138-->[com.firebaseui:firebase-ui-auth:6.2.0] AndroidManifest.xml:93:25-66
139
140                <category android:name="android.intent.category.DEFAULT" />
140-->[com.firebaseui:firebase-ui-auth:6.2.0] AndroidManifest.xml:95:17-76
140-->[com.firebaseui:firebase-ui-auth:6.2.0] AndroidManifest.xml:95:27-73
141                <category android:name="android.intent.category.BROWSABLE" />
141-->[com.firebaseui:firebase-ui-auth:6.2.0] AndroidManifest.xml:96:17-78
141-->[com.firebaseui:firebase-ui-auth:6.2.0] AndroidManifest.xml:96:27-75
142
143                <data android:scheme="@string/facebook_login_protocol_scheme" />
143-->[com.firebaseui:firebase-ui-auth:6.2.0] AndroidManifest.xml:98:17-81
143-->[com.firebaseui:firebase-ui-auth:6.2.0] AndroidManifest.xml:98:23-78
144            </intent-filter>
145        </activity>
146
147        <provider
147-->[com.firebaseui:firebase-ui-auth:6.2.0] AndroidManifest.xml:102:9-106:38
148            android:name="com.firebase.ui.auth.data.client.AuthUiInitProvider"
148-->[com.firebaseui:firebase-ui-auth:6.2.0] AndroidManifest.xml:103:13-79
149            android:authorities="uk.ac.westminster.chatminster.authuiinitprovider"
149-->[com.firebaseui:firebase-ui-auth:6.2.0] AndroidManifest.xml:104:13-70
150            android:exported="false"
150-->[com.firebaseui:firebase-ui-auth:6.2.0] AndroidManifest.xml:105:13-37
151            android:initOrder="90" />
151-->[com.firebaseui:firebase-ui-auth:6.2.0] AndroidManifest.xml:106:13-35
152
153        <service
153-->[com.google.firebase:firebase-database:19.2.0] AndroidManifest.xml:29:9-35:19
154            android:name="com.google.firebase.components.ComponentDiscoveryService"
154-->[com.google.firebase:firebase-database:19.2.0] AndroidManifest.xml:30:13-84
155            android:directBootAware="true"
155-->[com.google.firebase:firebase-common:19.3.0] AndroidManifest.xml:34:13-43
156            android:exported="false" >
156-->[com.google.firebase:firebase-database:19.2.0] AndroidManifest.xml:31:13-37
157            <meta-data
157-->[com.google.firebase:firebase-database:19.2.0] AndroidManifest.xml:32:13-34:85
158                android:name="com.google.firebase.components:com.google.firebase.database.DatabaseRegistrar"
158-->[com.google.firebase:firebase-database:19.2.0] AndroidManifest.xml:33:17-109
159                android:value="com.google.firebase.components.ComponentRegistrar" />
159-->[com.google.firebase:firebase-database:19.2.0] AndroidManifest.xml:34:17-82
160            <meta-data
160-->[com.google.firebase:firebase-auth:19.2.0] AndroidManifest.xml:36:13-38:85
161                android:name="com.google.firebase.components:com.google.firebase.auth.FirebaseAuthRegistrar"
161-->[com.google.firebase:firebase-auth:19.2.0] AndroidManifest.xml:37:17-109
162                android:value="com.google.firebase.components.ComponentRegistrar" />
162-->[com.google.firebase:firebase-auth:19.2.0] AndroidManifest.xml:38:17-82
163            <meta-data
163-->[com.google.android.gms:play-services-measurement-api:17.2.2] AndroidManifest.xml:30:13-32:85
164                android:name="com.google.firebase.components:com.google.firebase.analytics.connector.internal.AnalyticsConnectorRegistrar"
164-->[com.google.android.gms:play-services-measurement-api:17.2.2] AndroidManifest.xml:31:17-139
165                android:value="com.google.firebase.components.ComponentRegistrar" />
165-->[com.google.android.gms:play-services-measurement-api:17.2.2] AndroidManifest.xml:32:17-82
166            <meta-data
166-->[com.google.firebase:firebase-firestore:21.3.1] AndroidManifest.xml:20:13-22:85
167                android:name="com.google.firebase.components:com.google.firebase.firestore.FirestoreRegistrar"
167-->[com.google.firebase:firebase-firestore:21.3.1] AndroidManifest.xml:21:17-111
168                android:value="com.google.firebase.components.ComponentRegistrar" />
168-->[com.google.firebase:firebase-firestore:21.3.1] AndroidManifest.xml:22:17-82
169            <meta-data
169-->[com.google.firebase:firebase-iid:20.0.2] AndroidManifest.xml:32:13-34:85
170                android:name="com.google.firebase.components:com.google.firebase.iid.Registrar"
170-->[com.google.firebase:firebase-iid:20.0.2] AndroidManifest.xml:33:17-96
171                android:value="com.google.firebase.components.ComponentRegistrar" />
171-->[com.google.firebase:firebase-iid:20.0.2] AndroidManifest.xml:34:17-82
172            <meta-data
172-->[com.google.firebase:firebase-storage:19.1.0] AndroidManifest.xml:33:13-35:85
173                android:name="com.google.firebase.components:com.google.firebase.storage.StorageRegistrar"
173-->[com.google.firebase:firebase-storage:19.1.0] AndroidManifest.xml:34:17-107
174                android:value="com.google.firebase.components.ComponentRegistrar" />
174-->[com.google.firebase:firebase-storage:19.1.0] AndroidManifest.xml:35:17-82
175        </service>
176
177        <activity
177-->[com.google.firebase:firebase-auth:19.2.0] AndroidManifest.xml:24:9-31:50
178            android:name="com.google.firebase.auth.internal.FederatedSignInActivity"
178-->[com.google.firebase:firebase-auth:19.2.0] AndroidManifest.xml:25:13-85
179            android:excludeFromRecents="true"
179-->[com.google.firebase:firebase-auth:19.2.0] AndroidManifest.xml:26:13-46
180            android:exported="true"
180-->[com.google.firebase:firebase-auth:19.2.0] AndroidManifest.xml:27:13-36
181            android:launchMode="singleTask"
181-->[com.google.firebase:firebase-auth:19.2.0] AndroidManifest.xml:28:13-44
182            android:permission="com.google.firebase.auth.api.gms.permission.LAUNCH_FEDERATED_SIGN_IN"
182-->[com.google.firebase:firebase-auth:19.2.0] AndroidManifest.xml:29:13-102
183            android:theme="@android:style/Theme.Translucent.NoTitleBar" />
183-->[com.google.firebase:firebase-auth:19.2.0] AndroidManifest.xml:30:13-72
184        <activity
184-->[com.google.android.gms:play-services-auth:17.0.0] AndroidManifest.xml:23:9-27:75
185            android:name="com.google.android.gms.auth.api.signin.internal.SignInHubActivity"
185-->[com.google.android.gms:play-services-auth:17.0.0] AndroidManifest.xml:24:13-93
186            android:excludeFromRecents="true"
186-->[com.google.android.gms:play-services-auth:17.0.0] AndroidManifest.xml:25:13-46
187            android:exported="false"
187-->[com.google.android.gms:play-services-auth:17.0.0] AndroidManifest.xml:26:13-37
188            android:theme="@android:style/Theme.Translucent.NoTitleBar" />
188-->[com.google.android.gms:play-services-auth:17.0.0] AndroidManifest.xml:27:13-72
189        <!--
190            Service handling Google Sign-In user revocation. For apps that do not integrate with
191            Google Sign-In, this service will never be started.
192        -->
193        <service
193-->[com.google.android.gms:play-services-auth:17.0.0] AndroidManifest.xml:33:9-36:110
194            android:name="com.google.android.gms.auth.api.signin.RevocationBoundService"
194-->[com.google.android.gms:play-services-auth:17.0.0] AndroidManifest.xml:34:13-89
195            android:exported="true"
195-->[com.google.android.gms:play-services-auth:17.0.0] AndroidManifest.xml:35:13-36
196            android:permission="com.google.android.gms.auth.api.signin.permission.REVOCATION_NOTIFICATION" />
196-->[com.google.android.gms:play-services-auth:17.0.0] AndroidManifest.xml:36:13-107
197
198        <receiver
198-->[com.google.android.gms:play-services-measurement:17.2.2] AndroidManifest.xml:29:9-33:20
199            android:name="com.google.android.gms.measurement.AppMeasurementReceiver"
199-->[com.google.android.gms:play-services-measurement:17.2.2] AndroidManifest.xml:30:13-85
200            android:enabled="true"
200-->[com.google.android.gms:play-services-measurement:17.2.2] AndroidManifest.xml:31:13-35
201            android:exported="false" >
201-->[com.google.android.gms:play-services-measurement:17.2.2] AndroidManifest.xml:32:13-37
202        </receiver>
203        <receiver
203-->[com.google.android.gms:play-services-measurement:17.2.2] AndroidManifest.xml:34:9-42:20
204            android:name="com.google.android.gms.measurement.AppMeasurementInstallReferrerReceiver"
204-->[com.google.android.gms:play-services-measurement:17.2.2] AndroidManifest.xml:35:13-100
205            android:enabled="true"
205-->[com.google.android.gms:play-services-measurement:17.2.2] AndroidManifest.xml:36:13-35
206            android:exported="true"
206-->[com.google.android.gms:play-services-measurement:17.2.2] AndroidManifest.xml:37:13-36
207            android:permission="android.permission.INSTALL_PACKAGES" >
207-->[com.google.android.gms:play-services-measurement:17.2.2] AndroidManifest.xml:38:13-69
208            <intent-filter>
208-->[com.google.android.gms:play-services-measurement:17.2.2] AndroidManifest.xml:39:13-41:29
209                <action android:name="com.android.vending.INSTALL_REFERRER" />
209-->[com.google.android.gms:play-services-measurement:17.2.2] AndroidManifest.xml:40:17-79
209-->[com.google.android.gms:play-services-measurement:17.2.2] AndroidManifest.xml:40:25-76
210            </intent-filter>
211        </receiver>
212
213        <service
213-->[com.google.android.gms:play-services-measurement:17.2.2] AndroidManifest.xml:44:9-47:40
214            android:name="com.google.android.gms.measurement.AppMeasurementService"
214-->[com.google.android.gms:play-services-measurement:17.2.2] AndroidManifest.xml:45:13-84
215            android:enabled="true"
215-->[com.google.android.gms:play-services-measurement:17.2.2] AndroidManifest.xml:46:13-35
216            android:exported="false" />
216-->[com.google.android.gms:play-services-measurement:17.2.2] AndroidManifest.xml:47:13-37
217        <service
217-->[com.google.android.gms:play-services-measurement:17.2.2] AndroidManifest.xml:48:9-52:72
218            android:name="com.google.android.gms.measurement.AppMeasurementJobService"
218-->[com.google.android.gms:play-services-measurement:17.2.2] AndroidManifest.xml:49:13-87
219            android:enabled="true"
219-->[com.google.android.gms:play-services-measurement:17.2.2] AndroidManifest.xml:50:13-35
220            android:exported="false"
220-->[com.google.android.gms:play-services-measurement:17.2.2] AndroidManifest.xml:51:13-37
221            android:permission="android.permission.BIND_JOB_SERVICE" />
221-->[com.google.android.gms:play-services-measurement:17.2.2] AndroidManifest.xml:52:13-69
222
223        <receiver
223-->[com.google.firebase:firebase-iid:20.0.2] AndroidManifest.xml:37:9-44:20
224            android:name="com.google.firebase.iid.FirebaseInstanceIdReceiver"
224-->[com.google.firebase:firebase-iid:20.0.2] AndroidManifest.xml:38:13-78
225            android:exported="true"
225-->[com.google.firebase:firebase-iid:20.0.2] AndroidManifest.xml:39:13-36
226            android:permission="com.google.android.c2dm.permission.SEND" >
226-->[com.google.firebase:firebase-iid:20.0.2] AndroidManifest.xml:40:13-73
227            <intent-filter>
227-->[com.google.firebase:firebase-iid:20.0.2] AndroidManifest.xml:41:13-43:29
228                <action android:name="com.google.android.c2dm.intent.RECEIVE" />
228-->[com.google.firebase:firebase-iid:20.0.2] AndroidManifest.xml:42:17-81
228-->[com.google.firebase:firebase-iid:20.0.2] AndroidManifest.xml:42:25-78
229            </intent-filter>
230        </receiver>
231
232        <provider
232-->[com.google.firebase:firebase-common:19.3.0] AndroidManifest.xml:26:9-30:39
233            android:name="com.google.firebase.provider.FirebaseInitProvider"
233-->[com.google.firebase:firebase-common:19.3.0] AndroidManifest.xml:27:13-77
234            android:authorities="uk.ac.westminster.chatminster.firebaseinitprovider"
234-->[com.google.firebase:firebase-common:19.3.0] AndroidManifest.xml:28:13-72
235            android:exported="false"
235-->[com.google.firebase:firebase-common:19.3.0] AndroidManifest.xml:29:13-37
236            android:initOrder="100" />
236-->[com.google.firebase:firebase-common:19.3.0] AndroidManifest.xml:30:13-36
237
238        <activity
238-->[com.google.android.gms:play-services-base:17.1.0] AndroidManifest.xml:23:9-26:75
239            android:name="com.google.android.gms.common.api.GoogleApiActivity"
239-->[com.google.android.gms:play-services-base:17.1.0] AndroidManifest.xml:24:13-79
240            android:exported="false"
240-->[com.google.android.gms:play-services-base:17.1.0] AndroidManifest.xml:25:13-37
241            android:theme="@android:style/Theme.Translucent.NoTitleBar" />
241-->[com.google.android.gms:play-services-base:17.1.0] AndroidManifest.xml:26:13-72
242
243        <provider
243-->[androidx.lifecycle:lifecycle-process:2.1.0] AndroidManifest.xml:23:9-27:43
244            android:name="androidx.lifecycle.ProcessLifecycleOwnerInitializer"
244-->[androidx.lifecycle:lifecycle-process:2.1.0] AndroidManifest.xml:24:13-79
245            android:authorities="uk.ac.westminster.chatminster.lifecycle-process"
245-->[androidx.lifecycle:lifecycle-process:2.1.0] AndroidManifest.xml:25:13-69
246            android:exported="false"
246-->[androidx.lifecycle:lifecycle-process:2.1.0] AndroidManifest.xml:26:13-37
247            android:multiprocess="true" />
247-->[androidx.lifecycle:lifecycle-process:2.1.0] AndroidManifest.xml:27:13-40
248    </application>
249
250</manifest>